obj\Release\netstandard2.1\blazor\linker\Azure.Core.dll
obj\Release\netstandard2.1\blazor\linker\BlazorTable.dll
obj\Release\netstandard2.1\blazor\linker\DataTables.Blazored.dll
obj\Release\netstandard2.1\blazor\linker\LinqKit.Core.dll
obj\Release\netstandard2.1\blazor\linker\Microsoft.AspNetCore.Authorization.dll
obj\Release\netstandard2.1\blazor\linker\Microsoft.AspNetCore.Components.dll
obj\Release\netstandard2.1\blazor\linker\Microsoft.AspNetCore.Components.Forms.dll
obj\Release\netstandard2.1\blazor\linker\Microsoft.AspNetCore.Components.Web.dll
obj\Release\netstandard2.1\blazor\linker\Microsoft.AspNetCore.Components.WebAssembly.dll
obj\Release\netstandard2.1\blazor\linker\Microsoft.AspNetCore.Metadata.dll
obj\Release\netstandard2.1\blazor\linker\Microsoft.Azure.Cosmos.Client.dll
obj\Release\netstandard2.1\blazor\linker\Microsoft.Azure.Cosmos.Core.dll
obj\Release\netstandard2.1\blazor\linker\Microsoft.Azure.Cosmos.Direct.dll
obj\Release\netstandard2.1\blazor\linker\Microsoft.Azure.Cosmos.Serialization.HybridRow.dll
obj\Release\netstandard2.1\blazor\linker\Microsoft.Bcl.AsyncInterfaces.dll
obj\Release\netstandard2.1\blazor\linker\Microsoft.Bcl.HashCode.dll
obj\Release\netstandard2.1\blazor\linker\Microsoft.CSharp.dll
obj\Release\netstandard2.1\blazor\linker\Microsoft.Extensions.Configuration.Abstractions.dll
obj\Release\netstandard2.1\blazor\linker\Microsoft.Extensions.Configuration.dll
obj\Release\netstandard2.1\blazor\linker\Microsoft.Extensions.Configuration.Json.dll
obj\Release\netstandard2.1\blazor\linker\Microsoft.Extensions.DependencyInjection.Abstractions.dll
obj\Release\netstandard2.1\blazor\linker\Microsoft.Extensions.DependencyInjection.dll
obj\Release\netstandard2.1\blazor\linker\Microsoft.Extensions.Localization.Abstractions.dll
obj\Release\netstandard2.1\blazor\linker\Microsoft.Extensions.Localization.dll
obj\Release\netstandard2.1\blazor\linker\Microsoft.Extensions.Logging.Abstractions.dll
obj\Release\netstandard2.1\blazor\linker\Microsoft.Extensions.Logging.dll
obj\Release\netstandard2.1\blazor\linker\Microsoft.Extensions.Options.dll
obj\Release\netstandard2.1\blazor\linker\Microsoft.Extensions.Primitives.dll
obj\Release\netstandard2.1\blazor\linker\Microsoft.JSInterop.dll
obj\Release\netstandard2.1\blazor\linker\Microsoft.JSInterop.WebAssembly.dll
obj\Release\netstandard2.1\blazor\linker\Microsoft.Net.Http.Headers.dll
obj\Release\netstandard2.1\blazor\linker\Mono.Security.dll
obj\Release\netstandard2.1\blazor\linker\mscorlib.dll
obj\Release\netstandard2.1\blazor\linker\netstandard.dll
obj\Release\netstandard2.1\blazor\linker\Newtonsoft.Json.dll
obj\Release\netstandard2.1\blazor\linker\Serilog.dll
obj\Release\netstandard2.1\blazor\linker\Serilog.Sinks.File.dll
obj\Release\netstandard2.1\blazor\linker\Shabstec.BaggageSystem.Web.dll
obj\Release\netstandard2.1\blazor\linker\System.Collections.Immutable.dll
obj\Release\netstandard2.1\blazor\linker\System.ComponentModel.DataAnnotations.dll
obj\Release\netstandard2.1\blazor\linker\System.Configuration.ConfigurationManager.dll
obj\Release\netstandard2.1\blazor\linker\System.Core.dll
obj\Release\netstandard2.1\blazor\linker\System.Data.dll
obj\Release\netstandard2.1\blazor\linker\System.Diagnostics.DiagnosticSource.dll
obj\Release\netstandard2.1\blazor\linker\System.dll
obj\Release\netstandard2.1\blazor\linker\System.Memory.Data.dll
obj\Release\netstandard2.1\blazor\linker\System.Net.Http.dll
obj\Release\netstandard2.1\blazor\linker\System.Net.Http.Json.dll
obj\Release\netstandard2.1\blazor\linker\System.Net.Http.WebAssemblyHttpHandler.dll
obj\Release\netstandard2.1\blazor\linker\System.Numerics.dll
obj\Release\netstandard2.1\blazor\linker\System.Runtime.CompilerServices.Unsafe.dll
obj\Release\netstandard2.1\blazor\linker\System.Runtime.Serialization.dll
obj\Release\netstandard2.1\blazor\linker\System.Text.Encodings.Web.dll
obj\Release\netstandard2.1\blazor\linker\System.Text.Json.dll
obj\Release\netstandard2.1\blazor\linker\System.Xml.dll
obj\Release\netstandard2.1\blazor\linker\System.Xml.Linq.dll
obj\Release\netstandard2.1\blazor\linker\WebAssembly.Bindings.dll
obj\Release\netstandard2.1\blazor\linker\Serilog.Sinks.File.pdb
obj\Release\netstandard2.1\blazor\linker\Shabstec.BaggageSystem.Web.pdb
